2024-05-09 13:42:58,793 INFO: Microblog startup [in C:\Users\06atm\OneDrive\Masaüstü\B.P. 4.dönem\OOP II\microblog\app\__init__.py:43]
2024-05-09 13:44:39,716 INFO: Microblog startup [in C:\Users\06atm\OneDrive\Masaüstü\B.P. 4.dönem\OOP II\microblog\app\__init__.py:43]
2024-05-09 13:47:18,687 INFO: Microblog startup [in C:\Users\06atm\OneDrive\Masaüstü\B.P. 4.dönem\OOP II\microblog\app\__init__.py:43]
2024-05-09 13:53:12,193 INFO: Microblog startup [in C:\Users\06atm\OneDrive\Masaüstü\B.P. 4.dönem\OOP II\microblog\app\__init__.py:43]
2024-05-09 13:54:25,955 INFO: Microblog startup [in C:\Users\06atm\OneDrive\Masaüstü\B.P. 4.dönem\OOP II\microblog\app\__init__.py:43]
2024-05-09 13:55:23,620 INFO: Microblog startup [in C:\Users\06atm\OneDrive\Masaüstü\B.P. 4.dönem\OOP II\microblog\app\__init__.py:43]
2024-05-09 13:57:14,492 ERROR: Exception on /login [POST] [in C:\Users\06atm\OneDrive\Masaüstü\B.P. 4.dönem\OOP II\microblog\venv\Lib\site-packages\flask\app.py:828]
Traceback (most recent call last):
  File "C:\Users\06atm\OneDrive\Masaüstü\B.P. 4.dönem\OOP II\microblog\venv\Lib\site-packages\flask\app.py", line 1463, in wsgi_app
    response = self.full_dispatch_request()
               ^^^^^^^^^^^^^^^^^^^^^^^^^^^^
  File "C:\Users\06atm\OneDrive\Masaüstü\B.P. 4.dönem\OOP II\microblog\venv\Lib\site-packages\flask\app.py", line 872, in full_dispatch_request
    rv = self.handle_user_exception(e)
         ^^^^^^^^^^^^^^^^^^^^^^^^^^^^^
  File "C:\Users\06atm\OneDrive\Masaüstü\B.P. 4.dönem\OOP II\microblog\venv\Lib\site-packages\flask\app.py", line 870, in full_dispatch_request
    rv = self.dispatch_request()
         ^^^^^^^^^^^^^^^^^^^^^^^
  File "C:\Users\06atm\OneDrive\Masaüstü\B.P. 4.dönem\OOP II\microblog\venv\Lib\site-packages\flask\app.py", line 855, in dispatch_request
    return self.ensure_sync(self.view_functions[rule.endpoint])(**view_args)  # type: ignore[no-any-return]
           ^^^^^^^^^^^^^^^^^^^^^^^^^^^^^^^^^^^^^^^^^^^^^^^^^^^^^^^^^^^^^^^^^
  File "C:\Users\06atm\OneDrive\Masaüstü\B.P. 4.dönem\OOP II\microblog\app\routes.py", line 48, in login
    if user is None or not user.check_password(form.password.data):
                           ^^^^^^^^^^^^^^^^^^^^^^^^^^^^^^^^^^^^^^^
  File "C:\Users\06atm\OneDrive\Masaüstü\B.P. 4.dönem\OOP II\microblog\app\models.py", line 50, in check_password
    return check_password_hash(self.password_hash, password)
           ^^^^^^^^^^^^^^^^^^^^^^^^^^^^^^^^^^^^^^^^^^^^^^^^^
  File "C:\Users\06atm\OneDrive\Masaüstü\B.P. 4.dönem\OOP II\microblog\venv\Lib\site-packages\werkzeug\security.py", line 120, in check_password_hash
    method, salt, hashval = pwhash.split("$", 2)
                            ^^^^^^^^^^^^
AttributeError: 'NoneType' object has no attribute 'split'
2024-05-09 14:04:06,025 INFO: Microblog startup [in C:\Users\06atm\OneDrive\Masaüstü\B.P. 4.dönem\OOP II\microblog\app\__init__.py:43]
2024-05-09 14:11:28,139 INFO: Microblog startup [in C:\Users\06atm\OneDrive\Masaüstü\B.P. 4.dönem\OOP II\microblog\app\__init__.py:43]
2024-05-16 14:01:35,014 INFO: Microblog startup [in C:\Users\06atm\OneDrive\Masaüstü\B.P. 4.dönem\OOP II\microblog\app\__init__.py:43]
2024-05-16 14:28:12,810 INFO: Microblog startup [in C:\Users\06atm\OneDrive\Masaüstü\B.P. 4.dönem\OOP II\microblog\app\__init__.py:45]
2024-05-16 14:47:35,116 INFO: Microblog startup [in C:\Users\06atm\OneDrive\Masaüstü\B.P. 4.dönem\OOP II\microblog\app\__init__.py:45]
2024-05-16 14:50:15,697 INFO: Microblog startup [in C:\Users\06atm\OneDrive\Masaüstü\B.P. 4.dönem\OOP II\microblog\app\__init__.py:45]
2024-05-16 14:53:16,375 INFO: Microblog startup [in C:\Users\06atm\OneDrive\Masaüstü\B.P. 4.dönem\OOP II\microblog\app\__init__.py:45]
2024-05-16 14:54:42,797 INFO: Microblog startup [in C:\Users\06atm\OneDrive\Masaüstü\B.P. 4.dönem\OOP II\microblog\app\__init__.py:45]
2024-05-16 14:56:36,053 INFO: Microblog startup [in C:\Users\06atm\OneDrive\Masaüstü\B.P. 4.dönem\OOP II\microblog\app\__init__.py:45]
2024-06-22 12:22:46,084 INFO: Microblog startup [in C:\Users\06atm\OneDrive\Masaüstü\B.P. 4.dönem\OOP II\microblog\app\__init__.py:45]
2024-06-23 01:51:00,249 INFO: Microblog startup [in C:\Users\06atm\OneDrive\Masaüstü\B.P. 4.dönem\OOP II\microblog\app\__init__.py:45]
